<?xml version="1.0" encoding="UTF-8"?>
<!-- Generated by org.testng.reporters.JUnitReportReporter -->
<testsuite hostname="LAPTOP-4GD33V0V" failures="0" tests="1" name="pageFactoryWithoutAnnotation.LoginWithoutFindBy" time="13.843" errors="0" timestamp="10 Jun 2020 16:28:45 GMT" skipped="0">
  <testcase classname="pageFactoryWithoutAnnotation.LoginWithoutFindBy" name="login" time="13.843"/>
</testsuite> <!-- pageFactoryWithoutAnnotation.LoginWithoutFindBy -->
